build/app/intermediates/manifest_merge_blame_file/release/manifest-merger-blame-release-report.txt
1<?xml version="1.0" encoding="utf-8"?>
2<manifest xmlns:android="http://schemas.android.com/apk/res/android"
3    package="vaz.com.patoburguer"
4    android:versionCode="1"
5    android:versionName="1.0.0" >
6
7    <uses-sdk
8        android:minSdkVersion="22"
8-->src/main/AndroidManifest.xml
9        android:targetSdkVersion="30" />
9-->src/main/AndroidManifest.xml
10
11    <uses-permission android:name="android.permission.READ_EXTERNAL_STORAGE" />
11-->src/main/AndroidManifest.xml:4:5-80
11-->src/main/AndroidManifest.xml:4:22-77
12    <uses-permission android:name="android.permission.WRITE_EXTERNAL_STORAGE" />
12-->src/main/AndroidManifest.xml:5:5-81
12-->src/main/AndroidManifest.xml:5:22-78
13    <uses-permission android:name="android.permission.INTERNET" />
13-->src/main/AndroidManifest.xml:6:5-67
13-->src/main/AndroidManifest.xml:6:22-64
14    <uses-permission android:name="android.permission.CAMERA" />
14-->src/main/AndroidManifest.xml:7:5-65
14-->src/main/AndroidManifest.xml:7:22-62
15    <uses-permission android:name="android.permission.FLASHLIGHT" />
15-->src/main/AndroidManifest.xml:8:5-69
15-->src/main/AndroidManifest.xml:8:22-66
16    <uses-permission android:name="android.permission.ACCESS_NETWORK_STATE" />
16-->[:firebase_analytics] AndroidManifest.xml:7:5-79
16-->[:firebase_analytics] AndroidManifest.xml:7:22-76
17    <uses-permission android:name="android.permission.WAKE_LOCK" />
17-->[:firebase_analytics] AndroidManifest.xml:9:5-68
17-->[:firebase_analytics] AndroidManifest.xml:9:22-65
18    <uses-permission android:name="com.google.android.finsky.permission.BIND_GET_INSTALL_REFERRER_SERVICE" />
18-->[com.google.android.gms:play-services-measurement:18.0.0] AndroidManifest.xml:26:5-110
18-->[com.google.android.gms:play-services-measurement:18.0.0] AndroidManifest.xml:26:22-107
19
20    <application
20-->src/main/AndroidManifest.xml:10:4-48:19
21        android:appComponentFactory="androidx.core.app.CoreComponentFactory"
21-->[androidx.core:core:1.1.0] AndroidManifest.xml:24:18-86
22        android:icon="@mipmap/ic_launcher"
22-->src/main/AndroidManifest.xml:13:9-43
23        android:label="patoburguer"
23-->src/main/AndroidManifest.xml:12:9-36
24        android:requestLegacyExternalStorage="true" >
24-->src/main/AndroidManifest.xml:11:8-51
25        <activity
25-->src/main/AndroidManifest.xml:14:9-42:20
26            android:name="vaz.com.patoburguer.MainActivity"
26-->src/main/AndroidManifest.xml:15:13-41
27            android:configChanges="orientation|keyboardHidden|keyboard|screenSize|smallestScreenSize|locale|layoutDirection|fontScale|screenLayout|density|uiMode"
27-->src/main/AndroidManifest.xml:18:13-163
28            android:hardwareAccelerated="true"
28-->src/main/AndroidManifest.xml:19:13-47
29            android:launchMode="singleTop"
29-->src/main/AndroidManifest.xml:16:13-43
30            android:theme="@style/LaunchTheme"
30-->src/main/AndroidManifest.xml:17:13-47
31            android:windowSoftInputMode="adjustResize" >
31-->src/main/AndroidManifest.xml:20:13-55
32
33            <!--
34                 Specifies an Android theme to apply to this Activity as soon as
35                 the Android process has started. This theme is visible to the user
36                 while the Flutter UI initializes. After that, this theme continues
37                 to determine the Window background behind the Flutter UI.
38            -->
39            <meta-data
39-->src/main/AndroidManifest.xml:25:13-28:17
40                android:name="io.flutter.embedding.android.NormalTheme"
40-->src/main/AndroidManifest.xml:26:15-70
41                android:resource="@style/NormalTheme" />
41-->src/main/AndroidManifest.xml:27:15-52
42            <!--
43                 Displays an Android View that continues showing the launch screen
44                 Drawable until Flutter paints its first frame, then this splash
45                 screen fades out. A splash screen is useful to avoid any visual
46                 gap between the end of Android's launch screen and the painting of
47                 Flutter's first frame.
48            -->
49            <meta-data
49-->src/main/AndroidManifest.xml:34:13-37:17
50                android:name="io.flutter.embedding.android.SplashScreenDrawable"
50-->src/main/AndroidManifest.xml:35:15-79
51                android:resource="@drawable/launch_background" />
51-->src/main/AndroidManifest.xml:36:15-61
52
53            <intent-filter>
53-->src/main/AndroidManifest.xml:38:13-41:29
54                <action android:name="android.intent.action.MAIN" />
54-->src/main/AndroidManifest.xml:39:17-68
54-->src/main/AndroidManifest.xml:39:25-66
55
56                <category android:name="android.intent.category.LAUNCHER" />
56-->src/main/AndroidManifest.xml:40:17-76
56-->src/main/AndroidManifest.xml:40:27-74
57            </intent-filter>
58        </activity>
59        <!--
60             Don't delete the meta-data below.
61             This is used by the Flutter tool to generate GeneratedPluginRegistrant.java
62        -->
63        <meta-data
63-->src/main/AndroidManifest.xml:45:9-47:33
64            android:name="flutterEmbedding"
64-->src/main/AndroidManifest.xml:46:13-44
65            android:value="2" />
65-->src/main/AndroidManifest.xml:47:13-30
66
67        <service
67-->[:firebase_analytics] AndroidManifest.xml:12:9-16:19
68            android:name="com.google.firebase.components.ComponentDiscoveryService"
68-->[:firebase_analytics] AndroidManifest.xml:12:18-89
69            android:directBootAware="true"
69-->[com.google.firebase:firebase-common:19.5.0] AndroidManifest.xml:35:13-43
70            android:exported="false" >
70-->[com.google.firebase:firebase-auth:20.0.1] AndroidManifest.xml:76:13-37
71            <meta-data
71-->[:firebase_analytics] AndroidManifest.xml:13:13-15:85
72                android:name="com.google.firebase.components:io.flutter.plugins.firebaseanalytics.FlutterFirebaseAppRegistrar"
72-->[:firebase_analytics] AndroidManifest.xml:14:17-127
73                android:value="com.google.firebase.components.ComponentRegistrar" />
73-->[:firebase_analytics] AndroidManifest.xml:15:17-82
74            <meta-data
74-->[:firebase_auth] AndroidManifest.xml:9:13-11:85
75                android:name="com.google.firebase.components:io.flutter.plugins.firebase.auth.FlutterFirebaseAuthRegistrar"
75-->[:firebase_auth] AndroidManifest.xml:10:17-124
76                android:value="com.google.firebase.components.ComponentRegistrar" />
76-->[:firebase_auth] AndroidManifest.xml:11:17-82
77            <meta-data
77-->[:cloud_firestore] AndroidManifest.xml:9:13-11:85
78                android:name="com.google.firebase.components:io.flutter.plugins.firebase.firestore.FlutterFirebaseFirestoreRegistrar"
78-->[:cloud_firestore] AndroidManifest.xml:10:17-134
79                android:value="com.google.firebase.components.ComponentRegistrar" />
79-->[:cloud_firestore] AndroidManifest.xml:11:17-82
80            <meta-data
80-->[:firebase_storage] AndroidManifest.xml:9:13-11:85
81                android:name="com.google.firebase.components:io.flutter.plugins.firebase.storage.FlutterFirebaseAppRegistrar"
81-->[:firebase_storage] AndroidManifest.xml:10:17-126
82                android:value="com.google.firebase.components.ComponentRegistrar" />
82-->[:firebase_storage] AndroidManifest.xml:11:17-82
83            <meta-data
83-->[:firebase_core] AndroidManifest.xml:9:13-11:85
84                android:name="com.google.firebase.components:io.flutter.plugins.firebase.core.FlutterFirebaseCoreRegistrar"
84-->[:firebase_core] AndroidManifest.xml:10:17-124
85                android:value="com.google.firebase.components.ComponentRegistrar" />
85-->[:firebase_core] AndroidManifest.xml:11:17-82
86            <meta-data
86-->[com.google.firebase:firebase-auth:20.0.1] AndroidManifest.xml:77:13-79:85
87                android:name="com.google.firebase.components:com.google.firebase.auth.FirebaseAuthRegistrar"
87-->[com.google.firebase:firebase-auth:20.0.1] AndroidManifest.xml:78:17-109
88                android:value="com.google.firebase.components.ComponentRegistrar" />
88-->[com.google.firebase:firebase-auth:20.0.1] AndroidManifest.xml:79:17-82
89            <meta-data
89-->[com.google.firebase:firebase-firestore:22.0.1] AndroidManifest.xml:20:13-22:85
90                android:name="com.google.firebase.components:com.google.firebase.firestore.FirestoreRegistrar"
90-->[com.google.firebase:firebase-firestore:22.0.1] AndroidManifest.xml:21:17-111
91                android:value="com.google.firebase.components.ComponentRegistrar" />
91-->[com.google.firebase:firebase-firestore:22.0.1] AndroidManifest.xml:22:17-82
92            <meta-data
92-->[com.google.firebase:firebase-storage:19.2.1] AndroidManifest.xml:33:13-35:85
93                android:name="com.google.firebase.components:com.google.firebase.storage.StorageRegistrar"
93-->[com.google.firebase:firebase-storage:19.2.1] AndroidManifest.xml:34:17-107
94                android:value="com.google.firebase.components.ComponentRegistrar" />
94-->[com.google.firebase:firebase-storage:19.2.1] AndroidManifest.xml:35:17-82
95            <meta-data
95-->[com.google.android.gms:play-services-measurement-api:18.0.0] AndroidManifest.xml:30:13-32:85
96                android:name="com.google.firebase.components:com.google.firebase.analytics.connector.internal.AnalyticsConnectorRegistrar"
96-->[com.google.android.gms:play-services-measurement-api:18.0.0] AndroidManifest.xml:31:17-139
97                android:value="com.google.firebase.components.ComponentRegistrar" />
97-->[com.google.android.gms:play-services-measurement-api:18.0.0] AndroidManifest.xml:32:17-82
98            <meta-data
98-->[com.google.firebase:firebase-installations:16.3.5] AndroidManifest.xml:18:13-20:85
99                android:name="com.google.firebase.components:com.google.firebase.installations.FirebaseInstallationsRegistrar"
99-->[com.google.firebase:firebase-installations:16.3.5] AndroidManifest.xml:19:17-127
100                android:value="com.google.firebase.components.ComponentRegistrar" />
100-->[com.google.firebase:firebase-installations:16.3.5] AndroidManifest.xml:20:17-82
101            <!--
102                This registrar is not defined in the dynamic-module-support sdk itself to allow non-firebase
103                clients to use it as well, by defining this registrar in their own core/common library.
104            -->
105            <meta-data
105-->[com.google.firebase:firebase-common:19.5.0] AndroidManifest.xml:43:13-45:85
106                android:name="com.google.firebase.components:com.google.firebase.dynamicloading.DynamicLoadingRegistrar"
106-->[com.google.firebase:firebase-common:19.5.0] AndroidManifest.xml:44:17-121
107                android:value="com.google.firebase.components.ComponentRegistrar" />
107-->[com.google.firebase:firebase-common:19.5.0] AndroidManifest.xml:45:17-82
108        </service>
109
110        <provider
110-->[:image_picker] AndroidManifest.xml:11:9-19:20
111            android:name="io.flutter.plugins.imagepicker.ImagePickerFileProvider"
111-->[:image_picker] AndroidManifest.xml:12:13-82
112            android:authorities="vaz.com.patoburguer.flutter.image_provider"
112-->[:image_picker] AndroidManifest.xml:13:13-74
113            android:exported="false"
113-->[:image_picker] AndroidManifest.xml:14:13-37
114            android:grantUriPermissions="true" >
114-->[:image_picker] AndroidManifest.xml:15:13-47
115            <meta-data
115-->[:image_picker] AndroidManifest.xml:16:13-18:75
116                android:name="android.support.FILE_PROVIDER_PATHS"
116-->[:image_picker] AndroidManifest.xml:17:17-67
117                android:resource="@xml/flutter_image_picker_file_paths" />
117-->[:image_picker] AndroidManifest.xml:18:17-72
118        </provider>
119
120        <activity
120-->[com.google.firebase:firebase-auth:20.0.1] AndroidManifest.xml:27:9-44:20
121            android:name="com.google.firebase.auth.internal.GenericIdpActivity"
121-->[com.google.firebase:firebase-auth:20.0.1] AndroidManifest.xml:28:13-80
122            android:excludeFromRecents="true"
122-->[com.google.firebase:firebase-auth:20.0.1] AndroidManifest.xml:29:13-46
123            android:exported="true"
123-->[com.google.firebase:firebase-auth:20.0.1] AndroidManifest.xml:30:13-36
124            android:launchMode="singleTask"
124-->[com.google.firebase:firebase-auth:20.0.1] AndroidManifest.xml:31:13-44
125            android:theme="@android:style/Theme.Translucent.NoTitleBar" >
125-->[com.google.firebase:firebase-auth:20.0.1] AndroidManifest.xml:32:13-72
126            <intent-filter>
126-->[com.google.firebase:firebase-auth:20.0.1] AndroidManifest.xml:33:13-43:29
127                <action android:name="android.intent.action.VIEW" />
127-->[com.google.firebase:firebase-auth:20.0.1] AndroidManifest.xml:34:17-69
127-->[com.google.firebase:firebase-auth:20.0.1] AndroidManifest.xml:34:25-66
128
129                <category android:name="android.intent.category.DEFAULT" />
129-->[com.google.firebase:firebase-auth:20.0.1] AndroidManifest.xml:36:17-76
129-->[com.google.firebase:firebase-auth:20.0.1] AndroidManifest.xml:36:27-73
130                <category android:name="android.intent.category.BROWSABLE" />
130-->[com.google.firebase:firebase-auth:20.0.1] AndroidManifest.xml:37:17-78
130-->[com.google.firebase:firebase-auth:20.0.1] AndroidManifest.xml:37:27-75
131
132                <data
132-->[com.google.firebase:firebase-auth:20.0.1] AndroidManifest.xml:39:17-42:51
133                    android:host="firebase.auth"
133-->[com.google.firebase:firebase-auth:20.0.1] AndroidManifest.xml:40:21-49
134                    android:path="/"
134-->[com.google.firebase:firebase-auth:20.0.1] AndroidManifest.xml:41:21-37
135                    android:scheme="genericidp" />
135-->[com.google.firebase:firebase-auth:20.0.1] AndroidManifest.xml:42:21-48
136            </intent-filter>
137        </activity>
138        <activity
138-->[com.google.firebase:firebase-auth:20.0.1] AndroidManifest.xml:45:9-62:20
139            android:name="com.google.firebase.auth.internal.RecaptchaActivity"
139-->[com.google.firebase:firebase-auth:20.0.1] AndroidManifest.xml:46:13-79
140            android:excludeFromRecents="true"
140-->[com.google.firebase:firebase-auth:20.0.1] AndroidManifest.xml:47:13-46
141            android:exported="true"
141-->[com.google.firebase:firebase-auth:20.0.1] AndroidManifest.xml:48:13-36
142            android:launchMode="singleTask"
142-->[com.google.firebase:firebase-auth:20.0.1] AndroidManifest.xml:49:13-44
143            android:theme="@android:style/Theme.Translucent.NoTitleBar" >
143-->[com.google.firebase:firebase-auth:20.0.1] AndroidManifest.xml:50:13-72
144            <intent-filter>
144-->[com.google.firebase:firebase-auth:20.0.1] AndroidManifest.xml:51:13-61:29
145                <action android:name="android.intent.action.VIEW" />
145-->[com.google.firebase:firebase-auth:20.0.1] AndroidManifest.xml:34:17-69
145-->[com.google.firebase:firebase-auth:20.0.1] AndroidManifest.xml:34:25-66
146
147                <category android:name="android.intent.category.DEFAULT" />
147-->[com.google.firebase:firebase-auth:20.0.1] AndroidManifest.xml:36:17-76
147-->[com.google.firebase:firebase-auth:20.0.1] AndroidManifest.xml:36:27-73
148                <category android:name="android.intent.category.BROWSABLE" />
148-->[com.google.firebase:firebase-auth:20.0.1] AndroidManifest.xml:37:17-78
148-->[com.google.firebase:firebase-auth:20.0.1] AndroidManifest.xml:37:27-75
149
150                <data
150-->[com.google.firebase:firebase-auth:20.0.1] AndroidManifest.xml:39:17-42:51
151                    android:host="firebase.auth"
151-->[com.google.firebase:firebase-auth:20.0.1] AndroidManifest.xml:40:21-49
152                    android:path="/"
152-->[com.google.firebase:firebase-auth:20.0.1] AndroidManifest.xml:41:21-37
153                    android:scheme="recaptcha" />
153-->[com.google.firebase:firebase-auth:20.0.1] AndroidManifest.xml:42:21-48
154            </intent-filter>
155        </activity>
156
157        <service
157-->[com.google.firebase:firebase-auth:20.0.1] AndroidManifest.xml:64:9-73:19
158            android:name="com.google.firebase.auth.api.fallback.service.FirebaseAuthFallbackService"
158-->[com.google.firebase:firebase-auth:20.0.1] AndroidManifest.xml:65:13-101
159            android:enabled="true"
159-->[com.google.firebase:firebase-auth:20.0.1] AndroidManifest.xml:66:13-35
160            android:exported="false" >
160-->[com.google.firebase:firebase-auth:20.0.1] AndroidManifest.xml:67:13-37
161            <intent-filter>
161-->[com.google.firebase:firebase-auth:20.0.1] AndroidManifest.xml:68:13-72:29
162                <action android:name="com.google.firebase.auth.api.gms.service.START" />
162-->[com.google.firebase:firebase-auth:20.0.1] AndroidManifest.xml:69:17-89
162-->[com.google.firebase:firebase-auth:20.0.1] AndroidManifest.xml:69:25-86
163
164                <category android:name="android.intent.category.DEFAULT" />
164-->[com.google.firebase:firebase-auth:20.0.1] AndroidManifest.xml:36:17-76
164-->[com.google.firebase:firebase-auth:20.0.1] AndroidManifest.xml:36:27-73
165            </intent-filter>
166        </service>
167
168        <activity
168-->[com.google.android.gms:play-services-base:17.1.0] AndroidManifest.xml:23:9-26:75
169            android:name="com.google.android.gms.common.api.GoogleApiActivity"
169-->[com.google.android.gms:play-services-base:17.1.0] AndroidManifest.xml:24:13-79
170            android:exported="false"
170-->[com.google.android.gms:play-services-base:17.1.0] AndroidManifest.xml:25:13-37
171            android:theme="@android:style/Theme.Translucent.NoTitleBar" />
171-->[com.google.android.gms:play-services-base:17.1.0] AndroidManifest.xml:26:13-72
172
173        <provider
173-->[com.google.firebase:firebase-common:19.5.0] AndroidManifest.xml:26:9-31:39
174            android:name="com.google.firebase.provider.FirebaseInitProvider"
174-->[com.google.firebase:firebase-common:19.5.0] AndroidManifest.xml:27:13-77
175            android:authorities="vaz.com.patoburguer.firebaseinitprovider"
175-->[com.google.firebase:firebase-common:19.5.0] AndroidManifest.xml:28:13-72
176            android:directBootAware="true"
176-->[com.google.firebase:firebase-common:19.5.0] AndroidManifest.xml:29:13-43
177            android:exported="false"
177-->[com.google.firebase:firebase-common:19.5.0] AndroidManifest.xml:30:13-37
178            android:initOrder="100" />
178-->[com.google.firebase:firebase-common:19.5.0] AndroidManifest.xml:31:13-36
179
180        <receiver
180-->[com.google.android.gms:play-services-measurement:18.0.0] AndroidManifest.xml:29:9-33:20
181            android:name="com.google.android.gms.measurement.AppMeasurementReceiver"
181-->[com.google.android.gms:play-services-measurement:18.0.0] AndroidManifest.xml:30:13-85
182            android:enabled="true"
182-->[com.google.android.gms:play-services-measurement:18.0.0] AndroidManifest.xml:31:13-35
183            android:exported="false" >
183-->[com.google.android.gms:play-services-measurement:18.0.0] AndroidManifest.xml:32:13-37
184        </receiver>
185
186        <service
186-->[com.google.android.gms:play-services-measurement:18.0.0] AndroidManifest.xml:35:9-38:40
187            android:name="com.google.android.gms.measurement.AppMeasurementService"
187-->[com.google.android.gms:play-services-measurement:18.0.0] AndroidManifest.xml:36:13-84
188            android:enabled="true"
188-->[com.google.android.gms:play-services-measurement:18.0.0] AndroidManifest.xml:37:13-35
189            android:exported="false" />
189-->[com.google.android.gms:play-services-measurement:18.0.0] AndroidManifest.xml:38:13-37
190        <service
190-->[com.google.android.gms:play-services-measurement:18.0.0] AndroidManifest.xml:39:9-43:72
191            android:name="com.google.android.gms.measurement.AppMeasurementJobService"
191-->[com.google.android.gms:play-services-measurement:18.0.0] AndroidManifest.xml:40:13-87
192            android:enabled="true"
192-->[com.google.android.gms:play-services-measurement:18.0.0] AndroidManifest.xml:41:13-35
193            android:exported="false"
193-->[com.google.android.gms:play-services-measurement:18.0.0] AndroidManifest.xml:42:13-37
194            android:permission="android.permission.BIND_JOB_SERVICE" />
194-->[com.google.android.gms:play-services-measurement:18.0.0] AndroidManifest.xml:43:13-69
195
196        <meta-data
196-->[com.google.android.gms:play-services-basement:17.1.0] AndroidManifest.xml:23:9-25:69
197            android:name="com.google.android.gms.version"
197-->[com.google.android.gms:play-services-basement:17.1.0] AndroidManifest.xml:24:13-58
198            android:value="@integer/google_play_services_version" />
198-->[com.google.android.gms:play-services-basement:17.1.0] AndroidManifest.xml:25:13-66
199    </application>
200
201</manifest>